"../../../../../Projects/Unreal Projects/is-this-bullet-hell/TopDownShooter/Content/BaseMaterial.uasset" 0
"../../../../../Projects/Unreal Projects/is-this-bullet-hell/TopDownShooter/Content/TwinStick/Meshes/BaseMaterial.uasset" 1
"../../../../../Projects/Unreal Projects/is-this-bullet-hell/TopDownShooter/Content/TwinStick/Meshes/BlueMaterial.uasset" 2
"../../../Engine/Content/Functions/Engine_MaterialFunctions01/Opacity/CameraDepthFade.uasset" 3
"../../../Engine/Content/EngineMaterials/T_Default_Material_Grid_M.uasset" 4
"../../../Engine/Content/EngineMaterials/T_Default_Material_Grid_N.uasset" 5
"../../../Engine/Content/EngineMaterials/DefaultMaterial.uasset" 6
"../../../Engine/Content/BasicShapes/Sphere.uasset" 7
"../../../../../Projects/Unreal Projects/is-this-bullet-hell/TopDownShooter/Content/BP_EnemySpawner.uasset" 8
"../../../Engine/Content/EditorBlueprintResources/StandardMacros.uasset" 9
"../../../Engine/Content/BasicShapes/BasicShapeMaterial.uasset" 10
"../../../../../Projects/Unreal Projects/is-this-bullet-hell/TopDownShooter/Content/StaticMeshCube.uasset" 11
"../../../../../Projects/Unreal Projects/is-this-bullet-hell/TopDownShooter/Content/BP_EnemyActor.uasset" 12
"../../../../../Projects/Unreal Projects/is-this-bullet-hell/TopDownShooter/Content/BP_TopDownShooterProjectile.uasset" 13
"../../../../../Projects/Unreal Projects/is-this-bullet-hell/TopDownShooter/Content/HUDS/DeathScreen.uasset" 14
"../../../../../Projects/Unreal Projects/is-this-bullet-hell/TopDownShooter/Content/HUDS/PauseMenuHUD.uasset" 15
"../../../../../Projects/Unreal Projects/is-this-bullet-hell/TopDownShooter/Content/HUDS/PlayerStatsHUD.uasset" 16
"../../../../../Projects/Unreal Projects/is-this-bullet-hell/TopDownShooter/Content/BP_TopDownShooterPawn.uasset" 17
"../../../../../Projects/Unreal Projects/is-this-bullet-hell/TopDownShooter/Content/BB_Enemy.uasset" 18
"../../../../../Projects/Unreal Projects/is-this-bullet-hell/TopDownShooter/Content/BTT_MoveToPlayer.uasset" 19
"../../../../../Projects/Unreal Projects/is-this-bullet-hell/TopDownShooter/Content/BT_Enemy.uasset" 20
"../../../../../Projects/Unreal Projects/is-this-bullet-hell/TopDownShooter/Content/BP_EnemyController.uasset" 21
"../../../../../Projects/Unreal Projects/is-this-bullet-hell/TopDownShooter/Content/BP_EnemyPawn.uasset" 22
"../../../../../Projects/Unreal Projects/is-this-bullet-hell/TopDownShooter/Content/BP_UpgradeItem.uasset" 23
"../../../Engine/Content/EngineMaterials/WorldGridMaterial.uasset" 24
"../../../Engine/Content/BasicShapes/Cube.uasset" 25
"../../../../../Projects/Unreal Projects/is-this-bullet-hell/TopDownShooter/Content/MazeBits/BP_BoxColliderTile.uasset" 26
"../../../Engine/Content/EditorMaterials/WidgetMaterial_X.uasset" 27
"../../../../../Projects/Unreal Projects/is-this-bullet-hell/TopDownShooter/Content/HUDS/ScoreScreenHUD.uasset" 28
"../../../../../Projects/Unreal Projects/is-this-bullet-hell/TopDownShooter/Content/TwinStick/Audio/TwinStickFire.uasset" 29
"../../../../../Projects/Unreal Projects/is-this-bullet-hell/TopDownShooter/Content/MazeBits/BP_Goal.uasset" 30
"../../../../../Projects/Unreal Projects/is-this-bullet-hell/TopDownShooter/Content/Geometry/Meshes/CubeMaterial.uasset" 31
"../../../../../Projects/Unreal Projects/is-this-bullet-hell/TopDownShooter/Content/MazeBits/BP_HDoor.uasset" 32
"../../../../../Projects/Unreal Projects/is-this-bullet-hell/TopDownShooter/Content/MazeBits/MazeMaterials/FloorMaterial.uasset" 33
"../../../../../Projects/Unreal Projects/is-this-bullet-hell/TopDownShooter/Content/MazeBits/MazeMaterials/WallMaterial.uasset" 34
"../../../../../Projects/Unreal Projects/is-this-bullet-hell/TopDownShooter/Content/MazeBits/BP_HDoorTile.uasset" 35
"../../../../../Projects/Unreal Projects/is-this-bullet-hell/TopDownShooter/Content/MazeBits/BP_HTile.uasset" 36
"../../../../../Projects/Unreal Projects/is-this-bullet-hell/TopDownShooter/Content/MazeBits/BP_Tile.uasset" 37
"../../../../../Projects/Unreal Projects/is-this-bullet-hell/TopDownShooter/Content/MazeBits/BP_VDoor.uasset" 38
"../../../../../Projects/Unreal Projects/is-this-bullet-hell/TopDownShooter/Content/MazeBits/BP_VDoorTile.uasset" 39
"../../../../../Projects/Unreal Projects/is-this-bullet-hell/TopDownShooter/Content/MazeBits/BP_VTile.uasset" 40
"../../../../../Projects/Unreal Projects/is-this-bullet-hell/TopDownShooter/Content/MazeBits/BP_SpawnTiles.uasset" 41
"../../../../../Projects/Unreal Projects/is-this-bullet-hell/TopDownShooter/Content/BP_SpawnTiles.uasset" 42
"../../../../../Projects/Unreal Projects/is-this-bullet-hell/TopDownShooter/Content/HUDS/MainMenuHUD.uasset" 43
"../../../../../Projects/Unreal Projects/is-this-bullet-hell/TopDownShooter/Content/MainMenuHUD.uasset" 44
"../../../../../Projects/Unreal Projects/is-this-bullet-hell/TopDownShooter/Content/UITest.uasset" 45
"../../../../../Projects/Unreal Projects/is-this-bullet-hell/TopDownShooter/Content/Blueprints/NewGameMode.uasset" 46
"../../../../../Projects/Unreal Projects/is-this-bullet-hell/TopDownShooter/Content/Geometry/Meshes/1M_Cube.uasset" 47
"../../../../../Projects/Unreal Projects/is-this-bullet-hell/TopDownShooter/Content/Geometry/Meshes/1M_Cube_Chamfer.uasset" 48
"../../../../../Projects/Unreal Projects/is-this-bullet-hell/TopDownShooter/Content/Geometry/Meshes/TemplateFloor.uasset" 49
"../../../../../Projects/Unreal Projects/is-this-bullet-hell/TopDownShooter/Content/TwinStick/Meshes/OrangeMaterial.uasset" 50
"../../../../../Projects/Unreal Projects/is-this-bullet-hell/TopDownShooter/Content/TwinStick/Meshes/TwinStickProjectile.uasset" 51
"../../../../../Projects/Unreal Projects/is-this-bullet-hell/TopDownShooter/Content/TwinStick/Meshes/TwinStickUFO.uasset" 52
"../../../../../Projects/Unreal Projects/is-this-bullet-hell/TopDownShooter/Content/TwinStickCPP/TwinStickOverview.uasset" 53
"../../../../../Projects/Unreal Projects/is-this-bullet-hell/TopDownShooter/Content/TwinStickCPP/Maps/MainMenu_BuiltData.uasset" 54
"../../../Engine/Content/Animation/DefaultAnimCurveCompressionSettings.uasset" 55
"../../../Engine/Content/ArtTools/RenderToTexture/Meshes/S_1_Unit_Plane.uasset" 56
"../../../Engine/Content/BasicShapes/Cone.uasset" 57
"../../../Engine/Content/BasicShapes/Cylinder.uasset" 58
"../../../Engine/Content/BasicShapes/Plane.uasset" 59
"../../../Engine/Content/EditorLandscapeResources/DataLayer.uasset" 60
"../../../Engine/Content/EditorMaterials/GizmoMaterial.uasset" 61
"../../../Engine/Content/EditorMaterials/MAT_Groups_Toggle.uasset" 62
"../../../Engine/Content/EditorMaterials/MAT_Groups_Visibility.uasset" 63
"../../../Engine/Content/EditorMaterials/PreviewShadowIndicator.uasset" 64
"../../../Engine/Content/EditorMaterials/PreviewShadowIndicatorMaterial.uasset" 65
"../../../Engine/Content/EditorMaterials/MatineeGroups/MAT_ColorTrack.uasset" 66
"../../../Engine/Content/EditorMaterials/MatineeGroups/MAT_Groups_Anim.uasset" 67
"../../../Engine/Content/EditorMaterials/MatineeGroups/MAT_Groups_AudioMaster.uasset" 68
"../../../Engine/Content/EditorMaterials/MatineeGroups/MAT_Groups_Director.uasset" 69
"../../../Engine/Content/EditorMaterials/MatineeGroups/MAT_Groups_Event.uasset" 70
"../../../Engine/Content/EditorMaterials/MatineeGroups/MAT_Groups_Fade.uasset" 71
"../../../Engine/Content/EditorMaterials/MatineeGroups/MAT_Groups_Float.uasset" 72
"../../../Engine/Content/EditorMaterials/MatineeGroups/MAT_Groups_Move.uasset" 73
"../../../Engine/Content/EditorMaterials/MatineeGroups/MAT_Groups_Slomo.uasset" 74
"../../../Engine/Content/EditorMaterials/MatineeGroups/MAT_Groups_Sound.uasset" 75
"../../../Engine/Content/EditorMaterials/MatineeGroups/MAT_Groups_Vector.uasset" 76
"../../../Engine/Content/EditorMaterials/ParticleSystems/PSysThumbnail_NoImage.uasset" 77
"../../../Engine/Content/EditorMaterials/ParticleSystems/PSysThumbnail_OOD.uasset" 78
"../../../Engine/Content/EditorMaterials/Camera/CineMat.uasset" 79
"../../../Engine/Content/EditorMaterials/Camera/MI_CineMat_Rig.uasset" 80
"../../../Engine/Content/EditorMeshes/Camera/SM_CraneRig_Arm.uasset" 81
"../../../Engine/Content/EditorMeshes/Camera/SM_CraneRig_Base.uasset" 82
"../../../Engine/Content/EditorMeshes/Camera/SM_CraneRig_Body.uasset" 83
"../../../Engine/Content/EditorMeshes/Camera/SM_CraneRig_Mount.uasset" 84
"../../../Engine/Content/EditorMeshes/Camera/SM_RailRig_Mount.uasset" 85
"../../../Engine/Content/EditorMeshes/Camera/SM_RailRig_Track.uasset" 86
"../../../Engine/Content/EditorResources/BSPVertex.uasset" 87
"../../../Engine/Content/EditorResources/EmptyActor.uasset" 88
"../../../Engine/Content/EditorResources/S_Actor.uasset" 89
"../../../Engine/Content/EditorResources/S_Note.uasset" 90
"../../../Engine/Content/EditorResources/S_Trigger.uasset" 91
"../../../Engine/Content/EditorResources/SequenceRecorder/Countdown.uasset" 92
"../../../Engine/Content/EditorResources/SequenceRecorder/RecordingIndicator.uasset" 93
"../../../Engine/Content/EditorSounds/Notifications/CompileFailed.uasset" 94
"../../../Engine/Content/EditorSounds/Notifications/CompileFailed_Cue.uasset" 95
"../../../Engine/Content/EditorSounds/Notifications/CompileSuccess.uasset" 96
"../../../Engine/Content/EditorSounds/Notifications/CompileStart_Cue.uasset" 97
"../../../Engine/Content/EditorSounds/Notifications/CompileSuccess_Cue.uasset" 98
"../../../Engine/Content/EngineDamageTypes/DmgTypeBP_Environmental.uasset" 99
"../../../Engine/Content/EngineDebugMaterials/HeatmapGradient.uasset" 100
"../../../Engine/Content/EngineDebugMaterials/BoneWeightMaterial.uasset" 101
"../../../Engine/Content/EngineDebugMaterials/ClothMaterial.uasset" 102
"../../../Engine/Content/EngineDebugMaterials/ClothMaterial_WF.uasset" 103
"../../../Engine/Content/EngineDebugMaterials/DebugEditorMaterial.uasset" 104
"../../../Engine/Content/EngineDebugMaterials/DebugMeshMaterial.uasset" 105
"../../../Engine/Content/EngineDebugMaterials/GeomMaterial.uasset" 106
"../../../Engine/Content/EngineDebugMaterials/M_SimpleTranslucent.uasset" 107
"../../../Engine/Content/EngineFonts/Faces/RobotoBold.uasset" 108
"../../../Engine/Content/EngineFonts/Faces/RobotoBoldItalic.uasset" 109
"../../../Engine/Content/EngineFonts/Faces/RobotoItalic.uasset" 110
"../../../Engine/Content/EngineFonts/Faces/RobotoLight.uasset" 111
"../../../Engine/Content/EngineFonts/Faces/RobotoRegular.uasset" 112
"../../../Engine/Content/EngineFonts/Roboto.uasset" 113
"../../../Engine/Content/EngineFonts/Faces/RobotoTiny.uasset" 114
"../../../Engine/Content/EngineFonts/RobotoTiny.uasset" 115
"../../../Engine/Content/EngineMaterials/BaseFlattenDiffuseMap.uasset" 116
"../../../Engine/Content/EngineMaterials/BaseFlattenEmissiveMap.uasset" 117
"../../../Engine/Content/EngineMaterials/BaseFlattenGrayscaleMap.uasset" 118
"../../../Engine/Content/EngineMaterials/BaseFlattenNormalMap.uasset" 119
"../../../Engine/Content/EngineMaterials/BaseFlattenMaterial.uasset" 120
"../../../Engine/Content/EngineMaterials/DefaultBloomKernel.uasset" 121
"../../../Engine/Content/EngineMaterials/DefaultBokeh.uasset" 122
"../../../Engine/Content/EngineMaterials/DefaultDiffuse.uasset" 123
"../../../Engine/Content/EngineMaterials/DefaultDeferredDecalMaterial.uasset" 124
"../../../Engine/Content/EngineMaterials/DefaultLightFunctionMaterial.uasset" 125
"../../../Engine/Content/EngineMaterials/DefaultPhysicalMaterial.uasset" 126
"../../../Engine/Content/Functions/Engine_MaterialFunctions02/Utility/BreakOutFloat2Components.uasset" 127
"../../../Engine/Content/EngineMaterials/DefaultPostProcessMaterial.uasset" 128
"../../../Engine/Content/EngineFonts/RobotoDistanceField.uasset" 129
"../../../Engine/Content/EngineMaterials/DefaultTextMaterialOpaque.uasset" 130
"../../../Engine/Content/EngineMaterials/DefaultWhiteGrid.uasset" 131
"../../../Engine/Content/EngineMaterials/EditorBrushMaterial.uasset" 132
"../../../Engine/Content/EngineMaterials/Good64x64TilingNoiseHighFreq.uasset" 133
"../../../Engine/Content/EngineMaterials/MiniFont.uasset" 134
"../../../Engine/Content/EngineMaterials/InvalidLightmapSettings.uasset" 135
"../../../Engine/Content/EngineMaterials/M_InvalidLightmapSettings.uasset" 136
"../../../Engine/Content/Functions/Engine_MaterialFunctions02/WorldPositionOffset/CameraOffset.uasset" 137
"../../../Engine/Content/EngineMaterials/PhAT_JointLimitMaterial.uasset" 138
"../../../Engine/Content/EngineMaterials/PreintegratedSkinBRDF.uasset" 139
"../../../Engine/Content/EngineMaterials/RemoveSurfaceMaterial.uasset" 140
"../../../Engine/Content/EngineMaterials/WeightMapPlaceholderTexture.uasset" 141
"../../../Engine/Content/EngineResources/WhiteSquareTexture.uasset" 142
"../../../Engine/Content/EngineMaterials/Widget3DPassThrough.uasset" 143
"../../../Engine/Content/EngineMaterials/Widget3DPassThrough_Masked.uasset" 144
"../../../Engine/Content/EngineMaterials/Widget3DPassThrough_Opaque.uasset" 145
"../../../Engine/Content/EngineMaterials/Widget3DPassThrough_Masked_OneSided.uasset" 146
"../../../Engine/Content/EngineMaterials/Widget3DPassThrough_Opaque_OneSided.uasset" 147
"../../../Engine/Content/EngineMaterials/Widget3DPassThrough_Translucent.uasset" 148
"../../../Engine/Content/EngineMaterials/Widget3DPassThrough_Translucent_OneSided.uasset" 149
"../../../Engine/Content/EngineMeshes/Cylinder.uasset" 150
"../../../Engine/Content/EngineMeshes/Sphere.uasset" 151
"../../../Engine/Content/EngineResources/Black.uasset" 152
"../../../Engine/Content/EngineResources/DefaultTexture.uasset" 153
"../../../Engine/Content/EngineResources/DefaultTextureCube.uasset" 154
"../../../Engine/Content/EngineResources/DefaultVolumeTexture2D.uasset" 155
"../../../Engine/Content/EngineResources/DefaultVolumeTexture.uasset" 156
"../../../Engine/Content/EngineResources/GradientTexture0.uasset" 157
"../../../Engine/Content/EngineSounds/Master.uasset" 158
"../../../Engine/Content/Functions/Engine_MaterialFunctions01/Shading/ConvertFromDiffSpec.uasset" 159
"../../../Engine/Content/Functions/Engine_MaterialFunctions01/Shading/PowerToRoughness.uasset" 160
"../../../Engine/Content/Maps/Templates/Thumbnails/Default.uasset" 161
"../../../Engine/Content/Maps/Templates/Thumbnails/VR-Basic.uasset" 162
"../../../Engine/Content/MobileResources/T_MobileControls_texture.uasset" 163
"../../../Engine/Content/MobileResources/T_MobileMenu2.uasset" 164
"../../../Engine/Content/MobileResources/HUD/AnalogHat.uasset" 165
"../../../Engine/Content/MobileResources/HUD/VirtualJoystick_Background.uasset" 166
"../../../Engine/Content/MobileResources/HUD/VirtualJoystick_Thumb.uasset" 167
"../../../Engine/Content/MobileResources/HUD/DefaultVirtualJoysticks.uasset" 168
"../../../Engine/Content/MobileResources/HUD/LeftVirtualJoystickOnly.uasset" 169
"../../../Engine/Content/MobileResources/HUD/MobileHUDButton1_off.uasset" 170
"../../../Engine/Content/MobileResources/HUD/MobileHUDButton1_on.uasset" 171
"../../../Engine/Content/MobileResources/HUD/MobileHUDButton2_off.uasset" 172
"../../../Engine/Content/MobileResources/HUD/MobileHUDButton2_on.uasset" 173
"../../../Engine/Content/MobileResources/HUD/MobileHUDButton3.uasset" 174
"../../../Engine/Content/MobileResources/HUD/MobileHUDButtonFire.uasset" 175
"../../../Engine/Content/MobileResources/HUD/MobileHUDDirectionPad.uasset" 176
"../../../Engine/Content/MobileResources/HUD/MobileHUDDirectionPad2.uasset" 177
"../../../Engine/Content/MobileResources/HUD/MobileHUDDirectionPad3.uasset" 178
"../../../Engine/Content/MobileResources/HUD/MobileHUDDirectionStick.uasset" 179
"../../../Engine/Content/MobileResources/HUD/T_Castle_ThumbstickInner.uasset" 180
"../../../Engine/Content/MobileResources/HUD/T_Castle_ThumbstickOutter.uasset" 181
"../../../Engine/Content/Tutorial/ContentIntroCurve.uasset" 182
"../../../Engine/Content/Tutorial/Basics/LevelEditorAttract.uasset" 183
"../../../Engine/Content/VREditor/LaserPointer/VR_LaserPower_01.uasset" 184
"../../../Engine/Content/VREditor/TransformGizmo/TransformGizmoMaterial.uasset" 185
"../../../Engine/Content/VREditor/TransformGizmo/TranslucentTransformGizmoMaterial.uasset" 186
"../../../Engine/Content/VREditor/TransformGizmo/BoundingBoxCorner.uasset" 187
"../../../Engine/Content/VREditor/TransformGizmo/BoundingBoxEdge.uasset" 188
"../../../Engine/Content/VREditor/TransformGizmo/PlaneTranslationHandle.uasset" 189
"../../../Engine/Content/VREditor/TransformGizmo/Main.uasset" 190
"../../../Engine/Content/VREditor/TransformGizmo/Xray.uasset" 191
"../../../Engine/Content/VREditor/TransformGizmo/SM_Sequencer_Key.uasset" 192
"../../../Engine/Content/VREditor/TransformGizmo/SM_Sequencer_Node.uasset" 193
"../../Plugins/2D/Paper2D/Content/PlaceholderTextures/DummySpriteTexture.uasset" 194
"../../Plugins/2D/Paper2D/Content/DummySprite.uasset" 195
"../../Plugins/2D/Paper2D/Content/DefaultPaperTerrainMaterial.uasset" 196
"../../Plugins/2D/Paper2D/Content/DummySpriteTexture.uasset" 197
"../../Plugins/2D/Paper2D/Content/DefaultSpriteMaterial.uasset" 198
"../../Plugins/2D/Paper2D/Content/MaskedUnlitSpriteMaterial.uasset" 199
"../../Plugins/2D/Paper2D/Content/OpaqueUnlitSpriteMaterial.uasset" 200
"../../Plugins/Runtime/Oculus/OculusVR/Content/OculusMR_RenderTarget.uasset" 201
"../../../Engine/Content/Functions/Engine_MaterialFunctions02/Utility/BreakOutFloat4Components.uasset" 202
"../../../Engine/Content/Functions/Engine_MaterialFunctions02/Utility/MakeFloat2.uasset" 203
"../../../Engine/Content/Functions/Engine_MaterialFunctions02/Utility/MakeFloat3.uasset" 204
"../../Plugins/Runtime/Oculus/OculusVR/Content/Materials/OculusMR_ChromaKey.uasset" 205
"../../Plugins/Runtime/Oculus/OculusVR/Content/Materials/OculusMR_ChromaKey_Lit.uasset" 206
"../../Plugins/Runtime/Oculus/OculusVR/Content/Materials/OculusMR_OpaqueColoredMaterial.uasset" 207
"../../Plugins/Runtime/Oculus/OculusVR/Content/Materials/OculusMR_WhiteMaterial.uasset" 208
"../../Plugins/Runtime/Oculus/OculusVR/Content/Materials/PokeAHoleMaterial.uasset" 209
"../../Plugins/Runtime/Oculus/OculusVR/Content/Textures/GearVRController_AO.uasset" 210
"../../Plugins/Runtime/Oculus/OculusVR/Content/Textures/GearVRController_Color.uasset" 211
"../../Plugins/Runtime/Oculus/OculusVR/Content/Textures/GearVRController_Normal.uasset" 212
"../../Plugins/Runtime/Oculus/OculusVR/Content/Materials/GearVRControllerMaterial.uasset" 213
"../../Plugins/Runtime/Oculus/OculusVR/Content/Meshes/GearVrController.uasset" 214
"../../Plugins/Runtime/Oculus/OculusVR/Content/Textures/touchController_albedo.uasset" 215
"../../Plugins/Runtime/Oculus/OculusVR/Content/Textures/touchController_controlmap.uasset" 216
"../../Plugins/Runtime/Oculus/OculusVR/Content/Materials/touchController_mat.uasset" 217
"../../Plugins/Runtime/Oculus/OculusVR/Content/Meshes/LeftTouchController.uasset" 218
"../../Plugins/Runtime/Oculus/OculusVR/Content/Meshes/RiftHMD.uasset" 219
"../../Plugins/Runtime/Oculus/OculusVR/Content/Meshes/RightTouchController.uasset" 220
"../../../../../Projects/Unreal Projects/is-this-bullet-hell/TopDownShooter/Content/TwinStickCPP/Maps/MainMenu.umap" 221
"../../../../../Projects/Unreal Projects/is-this-bullet-hell/TopDownShooter/Content/HUDS/SeedHUD.uasset" 222
"../../../../../Projects/Unreal Projects/is-this-bullet-hell/TopDownShooter/Content/TwinStickCPP/Maps/TwinStickExampleMap_BuiltData.uasset" 223
"../../../../../Projects/Unreal Projects/is-this-bullet-hell/TopDownShooter/Content/TwinStickCPP/Maps/TwinStickExampleMap.umap" 224
"../../../Engine/Content/Maps/Entry_BuiltData.uasset" 225
"../../../Engine/Content/Maps/Entry.umap" 226
